<?xml version="1.0" encoding="UTF-8"?>
<testng-results skipped="0" failed="0" ignored="0" total="2" passed="2">
  <reporter-output>
  </reporter-output>
  <suite name="All Test Suite" duration-ms="82" started-at="2021-06-19T21:56:34 CST" finished-at="2021-06-19T21:56:34 CST">
    <groups>
    </groups>
    <test name="F:/code/jenkins_maven_test" duration-ms="82" started-at="2021-06-19T21:56:34 CST" finished-at="2021-06-19T21:56:34 CST">
      <class name="com.lemon.testcases.LogoutTest">
        <test-method status="PASS" signature="setup()[pri:0, instance:com.lemon.testcases.LogoutTest@8bd1b6a]" name="setup" is-config="true" duration-ms="1" started-at="2021-06-19T21:56:34 CST" finished-at="2021-06-19T21:56:34 CST">
          <reporter-output>
          </reporter-output>
        </test-method> <!-- setup -->
        <test-method status="PASS" signature="logout()[pri:0, instance:com.lemon.testcases.LogoutTest@8bd1b6a]" name="logout" duration-ms="1" started-at="2021-06-19T21:56:34 CST" finished-at="2021-06-19T21:56:34 CST">
          <reporter-output>
          </reporter-output>
        </test-method> <!-- logout -->
        <test-method status="PASS" signature="teardown()[pri:0, instance:com.lemon.testcases.LogoutTest@8bd1b6a]" name="teardown" is-config="true" duration-ms="1" started-at="2021-06-19T21:56:34 CST" finished-at="2021-06-19T21:56:34 CST">
          <reporter-output>
          </reporter-output>
        </test-method> <!-- teardown -->
      </class> <!-- com.lemon.testcases.LogoutTest -->
      <class name="com.lemon.testcases.LoginTest">
        <test-method status="PASS" signature="setup()[pri:0, instance:com.lemon.testcases.LoginTest@55f3ddb1]" name="setup" is-config="true" duration-ms="12" started-at="2021-06-19T21:56:34 CST" finished-at="2021-06-19T21:56:34 CST">
          <reporter-output>
          </reporter-output>
        </test-method> <!-- setup -->
        <test-method status="PASS" signature="loginTest()[pri:0, instance:com.lemon.testcases.LoginTest@55f3ddb1]" name="loginTest" duration-ms="3" started-at="2021-06-19T21:56:34 CST" finished-at="2021-06-19T21:56:34 CST">
          <reporter-output>
          </reporter-output>
        </test-method> <!-- loginTest -->
        <test-method status="PASS" signature="teardown()[pri:0, instance:com.lemon.testcases.LoginTest@55f3ddb1]" name="teardown" is-config="true" duration-ms="1" started-at="2021-06-19T21:56:34 CST" finished-at="2021-06-19T21:56:34 CST">
          <reporter-output>
          </reporter-output>
        </test-method> <!-- teardown -->
      </class> <!-- com.lemon.testcases.LoginTest -->
    </test> <!-- F:/code/jenkins_maven_test -->
  </suite> <!-- All Test Suite -->
</testng-results>
